SA Run Log
source: sa_place
cost_mode: full

command_line: sa_place bench/hub_small.txt outputs/smoke/sa_out.txt 42 8000 300.0 0.95 --cost full
temp_floor: 0.000000001000

stage   temp          runtime_s     attempted   accepted    uphill      best_hpwl     curr_hpwl     mode    
0       300.000000    0.000862      106         98          40          448           498           full    
1       285.000000    0.001867      104         99          48          436           509           full    
2       270.750000    0.002824      108         96          44          404           433           full    
3       257.212500    0.004008      103         96          48          376           399           full    
4       244.351875    0.005371      105         97          50          376           459           full    
5       232.134281    0.007053      102         97          40          376           547           full    
6       220.527567    0.008745      104         99          52          376           534           full    
7       209.501189    0.010722      107         98          39          376           402           full    
8       199.026129    0.013028      104         98          54          376           471           full    
9       189.074823    0.015684      106         100         51          376           477           full    
10      179.621082    0.018779      106         99          47          376           425           full    
11      170.640028    0.021857      104         97          49          376           469           full    
12      162.108026    0.025877      101         94          42          376           465           full    
13      154.002625    0.029802      104         98          47          369           391           full    
14      146.302494    0.033553      101         96          46          369           446           full    
15      138.987369    0.037988      105         96          43          369           508           full    
16      132.038001    0.042374      106         99          43          369           498           full    
17      125.436101    0.047002      102         95          45          369           472           full    
18      119.164296    0.052013      109         97          45          369           442           full    
19      113.206081    0.057239      101         95          48          369           493           full    
20      107.545777    0.062673      105         98          47          369           491           full    
21      102.168488    0.069342      104         93          38          369           453           full    
22      97.060063     0.075608      105         95          44          369           489           full    
23      92.207060     0.081783      108         94          43          369           504           full    

Summary
initial_hpwl: 504
final_hpwl: 504
best_hpwl: 369
runtime_sec: 0.082140
accepted_moves: 2324
steps: 2400
proposals: 2510
output_file: outputs/smoke/sa_out.txt
