SA Run Log
source: sa_place
cost_mode: delta

command_line: sa_place bench/hub_medium.txt outputs/hub_medium_50k/sa_out.txt 42 50000 500.0 0.98 --cost delta
temp_floor: 0.000000001000

stage   temp          runtime_s     attempted   accepted    uphill      best_hpwl     curr_hpwl     mode    
0       500.000000    0.001767      103         98          49          2098          2326          delta   
1       490.000000    0.003439      106         98          45          2098          2255          delta   
2       480.200000    0.005105      105         100         43          2098          2243          delta   
3       470.596000    0.007047      104         100         43          2098          2202          delta   
4       461.184080    0.008653      107         98          51          2045          2227          delta   
5       451.960398    0.010406      102         99          49          2045          2320          delta   
6       442.921190    0.012410      106         98          47          2045          2114          delta   
7       434.062767    0.014891      104         100         47          2039          2158          delta   
8       425.381511    0.017778      101         97          48          2039          2355          delta   
9       416.873881    0.020600      105         95          43          2039          2216          delta   
10      408.536403    0.023549      110         99          46          1975          2151          delta   
11      400.365675    0.026592      106         97          51          1975          2180          delta   
12      392.358362    0.029916      103         97          47          1975          2224          delta   
13      384.511195    0.033499      106         96          45          1921          2034          delta   
14      376.820971    0.037934      105         99          50          1921          2259          delta   
15      369.284551    0.042025      105         99          52          1921          2270          delta   
16      361.898860    0.046445      105         99          49          1921          2310          delta   
17      354.660883    0.051036      102         99          47          1921          2172          delta   
18      347.567665    0.056358      108         98          52          1921          2180          delta   
19      340.616312    0.062078      107         100         45          1921          2071          delta   
20      333.803986    0.067856      104         100         50          1921          2208          delta   
21      327.127906    0.073522      104         99          50          1921          2233          delta   
22      320.585348    0.079475      105         97          46          1921          2197          delta   
23      314.173641    0.085686      101         97          46          1921          2127          delta   

Summary
initial_hpwl: 2277
final_hpwl: 2127
best_hpwl: 1921
runtime_sec: 0.085982
accepted_moves: 2359
steps: 2400
proposals: 2514
output_file: outputs/hub_medium_50k/sa_out.txt
