SA Run Log
source: sa_place
cost_mode: full

command_line: sa_place bench/hub_medium.txt outputs/hub_medium/sa_out.txt 42 15000 500.0 0.95 --cost full
temp_floor: 0.000000001000

stage   temp          runtime_s     attempted   accepted    uphill      best_hpwl     curr_hpwl     mode    
0       500.000000    0.002049      103         98          49          2098          2326          full    
1       475.000000    0.004330      106         98          45          2098          2255          full    
2       451.250000    0.006795      105         100         43          2098          2243          full    
3       428.687500    0.009322      104         100         43          2098          2202          full    
4       407.253125    0.012180      107         98          51          2045          2227          full    
5       386.890469    0.014964      103         97          50          2045          2287          full    
6       367.545945    0.017429      105         97          43          2030          2164          full    
7       349.168648    0.020237      106         96          46          2030          2177          full    
8       331.710216    0.023511      100         96          45          2030          2316          full    
9       315.124705    0.026355      107         100         41          2030          2335          full    
10      299.368470    0.029710      102         99          43          2030          2185          full    
11      284.400046    0.033648      106         96          56          2030          2264          full    
12      270.180044    0.037941      103         98          50          2030          2202          full    
13      256.671042    0.042079      103         100         54          2006          2186          full    
14      243.837490    0.046348      102         99          47          1957          2071          full    
15      231.645615    0.050928      104         98          50          1957          2203          full    
16      220.063334    0.056262      107         97          53          1957          2245          full    
17      209.060168    0.061416      103         97          43          1957          2168          full    
18      198.607159    0.066848      103         95          48          1957          2100          full    
19      188.676801    0.073034      102         99          47          1957          2075          full    
20      179.242961    0.079237      103         99          51          1957          2117          full    
21      170.280813    0.085975      108         95          49          1957          2053          full    
22      161.766772    0.092697      104         93          48          1957          2196          full    
23      153.678434    0.099516      105         89          38          1913          2092          full    
24      145.994512    0.107412      105         94          47          1913          2150          full    
25      138.694787    0.114806      101         94          42          1913          2104          full    
26      131.760047    0.123080      105         94          43          1913          1995          full    
27      125.172045    0.131180      104         93          51          1913          2066          full    
28      118.913443    0.140136      103         92          48          1913          2222          full    
29      112.967770    0.148680      102         97          48          1913          2211          full    
30      107.319382    0.158519      107         90          39          1913          2018          full    
31      101.953413    0.167738      104         93          48          1913          2038          full    
32      96.855742     0.177991      103         94          47          1913          2233          full    
33      92.012955     0.188519      104         95          35          1913          2066          full    

Summary
initial_hpwl: 2277
final_hpwl: 2066
best_hpwl: 1913
runtime_sec: 0.188942
accepted_moves: 3270
steps: 3400
proposals: 3539
output_file: outputs/hub_medium/sa_out.txt
