SA Run Log
source: sa_place
cost_mode: delta

command_line: sa_place bench/hub_medium.txt outputs/hub_medium/seed_123/sa_out.txt 123 8000 300.0 0.95 --cost delta
temp_floor: 0.000000001000

stage   temp          runtime_s     attempted   accepted    uphill      best_hpwl     curr_hpwl     mode    
0       300.000000    0.001175      105         96          48          2159          2159          delta   
1       285.000000    0.002298      102         97          46          2132          2323          delta   
2       270.750000    0.003439      101         97          47          2132          2195          delta   
3       257.212500    0.004592      108         99          47          2070          2158          delta   
4       244.351875    0.005749      108         98          47          2070          2300          delta   
5       232.134281    0.006921      101         97          47          2070          2103          delta   
6       220.527567    0.008163      101         96          46          2070          2181          delta   
7       209.501189    0.009577      106         94          52          2070          2295          delta   
8       199.026129    0.011096      100         94          34          2038          2038          delta   
9       189.074823    0.012825      106         94          47          1984          2219          delta   
10      179.621082    0.014696      104         93          45          1984          2129          delta   
11      170.640028    0.016712      103         95          41          1984          2134          delta   
12      162.108026    0.018937      104         94          47          1938          2159          delta   
13      154.002625    0.021320      103         93          40          1932          2037          delta   
14      146.302494    0.023903      102         92          47          1932          2300          delta   
15      138.987369    0.026655      104         92          43          1932          2104          delta   
16      132.038001    0.029593      104         87          46          1932          2154          delta   
17      125.436101    0.032783      101         95          45          1932          2058          delta   
18      119.164296    0.036457      103         89          46          1932          2181          delta   
19      113.206081    0.040530      100         90          42          1932          2302          delta   
20      107.545777    0.044475      103         89          37          1932          2190          delta   
21      102.168488    0.048511      104         87          41          1932          2179          delta   
22      97.060063     0.052588      100         95          47          1932          2162          delta   
23      92.207060     0.057191      106         98          42          1932          1989          delta   

Summary
initial_hpwl: 2378
final_hpwl: 1989
best_hpwl: 1932
runtime_sec: 0.057430
accepted_moves: 2251
steps: 2400
proposals: 2479
output_file: outputs/hub_medium/seed_123/sa_out.txt
